<?xml version='1.0' encoding='UTF-8'?>
<hotspot_log version='160 1' process='60125' time_ms='1371936879630'>
<vm_version>
<name>
OpenJDK 64-Bit Graal VM
</name>
<release>
25.0-b29-internal-fastdebug
</release>
<info>
OpenJDK 64-Bit Graal VM (25.0-b29-internal-fastdebug) for bsd-amd64 JRE (1.8.0), built on Jun 22 2013 18:38:22 by &quot;chris&quot; with gcc 4.2.1 (Based on Apple Inc. build 5658) (LLVM build 2336.11.00)
</info>
</vm_version>
<vm_arguments>
<args>
-G:+DumpOnError -XX:-BootstrapGraal -Dfile.encoding=US-ASCII 
</args>
<command>
uk.ac.ed.inf.icsa.locomotion.Application
</command>
<launcher>
SUN_STANDARD
</launcher>
<properties>
java.vm.specification.name=Java Virtual Machine Specification
java.vm.version=25.0-b29-internal-fastdebug
java.vm.name=OpenJDK 64-Bit Graal VM
java.vm.info=mixed mode, sharing
java.ext.dirs=/Users/chris/Library/Java/Extensions:/Volumes/Acme/Development/graal/jdk1.7.0_17/fastdebug/jre/lib/ext:/Library/Java/Extensions:/Network/Library/Java/Extensions:/System/Library/Java/Extensions:/usr/lib/java
java.endorsed.dirs=/Volumes/Acme/Development/graal/jdk1.7.0_17/fastdebug/jre/lib/endorsed
sun.boot.library.path=/Volumes/Acme/Development/graal/jdk1.7.0_17/fastdebug/jre/lib
java.library.path=/Users/chris/Library/Java/Extensions:/Library/Java/Extensions:/Network/Library/Java/Extensions:/System/Library/Java/Extensions:/usr/lib/java:.
java.home=/Volumes/Acme/Development/graal/jdk1.7.0_17/fastdebug/jre
java.class.path=/Volumes/Acme/Development/locomotion/bin:/Volumes/Acme/Development/graal/graal/com.oracle.graal.alloc/bin:/Volumes/Acme/Development/graal/graal/com.oracle.graal.api.meta/bin:/Volumes/Acme/Development/graal/graal/com.oracle.graal.api.code/bin:/Volumes/Acme/Development/graal/graal/com.oracle.graal.graph/bin:/Volumes/Acme/Development/graal/graal/com.oracle.graal.debug/bin:/Volumes/Acme/Development/graal/graal/com.oracle.graal.api.replacements/bin:/Volumes/Acme/Development/graal/graal/com.oracle.graal.nodes/bin:/Volumes/Acme/Development/graal/graal/com.oracle.graal.amd64/bin:/Volumes/Acme/Development/graal/graal/com.oracle.graal.api.meta.test/bin:/Users/chris/Applications/eclipse/plugins/org.junit_4.10.0.v4_10_0_v20120426-0900/junit.jar:/Users/chris/Applications/eclipse/plugins/org.hamcrest.core_1.1.0.v20090501071000.jar:/Volumes/Acme/Development/graal/graal/com.oracle.graal.api.runtime/bin:/Volumes/Acme/Development/graal/graal/com.oracle.graal.api.test/bin:/Volumes/Acme/Development/graal/graal/com.oracle.graal.asm/bin:/Volumes/Acme/Development/graal/graal/com.oracle.graal.asm.amd64/bin:/Volumes/Acme/Development/graal/graal/com.oracle.graal.asm.amd64.test/bin:/Volumes/Acme/Development/graal/graal/com.oracle.graal.test/bin:/Volumes/Acme/Development/graal/graal/com.oracle.graal.asm.test/bin:/Volumes/Acme/Development/graal/graal/com.oracle.graal.asm.ptx/bin:/Volumes/Acme/Development/graal/graal/com.oracle.graal.asm.sparc/bin:/Volumes/Acme/Development/graal/graal/com.oracle.graal.options/bin:/Volumes/Acme/Development/graal/graal/com.oracle.graal.phases/bin:/Volumes/Acme/Development/graal/graal/com.oracle.graal.phases.common/bin:/Volumes/Acme/Development/graal/graal/com.oracle.graal.virtual/bin:/Volumes/Acme/Development/graal/graal/com.oracle.graal.loop/bin:/Volumes/Acme/Development/graal/graal/com.oracle.graal.lir/bin:/Volumes/Acme/Development/graal/graal/com.oracle.graal.compiler/bin:/Volumes/Acme/Development/graal/graal/com.oracle.graal.bytecode/bin:/Vol
sun.boot.class.path=/Volumes/Acme/Development/graal/jdk1.7.0_17/fastdebug/jre/lib/resources.jar:/Volumes/Acme/Development/graal/jdk1.7.0_17/fastdebug/jre/lib/rt.jar:/Volumes/Acme/Development/graal/jdk1.7.0_17/fastdebug/jre/lib/sunrsasign.jar:/Volumes/Acme/Development/graal/jdk1.7.0_17/fastdebug/jre/lib/jsse.jar:/Volumes/Acme/Development/graal/jdk1.7.0_17/fastdebug/jre/lib/jce.jar:/Volumes/Acme/Development/graal/jdk1.7.0_17/fastdebug/jre/lib/charsets.jar:/Volumes/Acme/Development/graal/jdk1.7.0_17/fastdebug/jre/lib/jfr.jar:/Volumes/Acme/Development/graal/jdk1.7.0_17/fastdebug/jre/lib/JObjC.jar:/Volumes/Acme/Development/graal/jdk1.7.0_17/fastdebug/jre/lib/graal.jar:/Volumes/Acme/Development/graal/jdk1.7.0_17/fastdebug/jre/classes
java.vm.specification.vendor=Oracle Corporation
java.vm.specification.version=1.7
java.vm.vendor=Oracle Corporation
file.encoding=US-ASCII
sun.java.command=uk.ac.ed.inf.icsa.locomotion.Application
sun.java.launcher=SUN_STANDARD
</properties>
</vm_arguments>
<tty>
<writer thread='18947'/>
<destroy_vm stamp='11.272'/>
<tty_done stamp='11.334'/>
</tty>
<hotspot_log_done stamp='11.334'/>
</hotspot_log>
