#
# A fatal error has been detected by the Java Runtime Environment:
#
#  Internal Error (/Volumes/Acme/Development/graal/src/share/vm/graal/graalCompilerToVM.hpp:57), pid=1833, tid=6403
#  assert(_index < _args->length()) failed: out of bounds
#
# JRE version: Java(TM) SE Runtime Environment (7.0_17-b02) (build 1.7.0_17-b02)
# Java VM: OpenJDK 64-Bit Graal VM (25.0-b37-internal-fastdebug mixed mode bsd-amd64 compressed oops)
# Failed to write core dump. Core dumps have been disabled. To enable core dumping, try "ulimit -c unlimited" before starting Java again
#
# If you would like to submit a bug report, please visit:
#   http://bugreport.sun.com/bugreport/crash.jsp
#

---------------  T H R E A D  ---------------

Current thread (0x00007f9dc5015000):  JavaThread "main" [_thread_in_vm, id=6403, stack(0x0000000103eff000,0x0000000103fff000)]

Stack: [0x0000000103eff000,0x0000000103fff000],  sp=0x0000000103ffe220,  free space=1020k
Native frames: (J=compiled Java code, j=interpreted, Vv=VM code, C=native code)
V  [libjvm.dylib+0x4df4c8]  VMError::report_and_die()+0x53c
V  [libjvm.dylib+0xf4415]  report_vm_error(char const*, int, char const*, char const*)+0x63
V  [libjvm.dylib+0x191564]  JavaArgumentUnboxer::next_arg(BasicType)+0x48
V  [libjvm.dylib+0x191403]  JavaArgumentUnboxer::do_array(int, int)+0x27
V  [libjvm.dylib+0x424129]  SignatureIterator::parse_type()+0x1f1
V  [libjvm.dylib+0x42441d]  SignatureIterator::iterate()+0x33
V  [libjvm.dylib+0x1845b3]  JavaArgumentUnboxer::JavaArgumentUnboxer(Symbol*, JavaCallArguments*, arrayOopDesc*, bool)+0xdf
V  [libjvm.dylib+0x1860da]  c2v_executeCompiledMethodVarargs(JNIEnv_*, _jobject*, _jobject*, _jobject*)+0x253
j  com.oracle.graal.hotspot.bridge.CompilerToVMImpl.executeCompiledMethodVarargs([Ljava/lang/Object;Lcom/oracle/graal/hotspot/meta/HotSpotInstalledCode;)Ljava/lang/Object;+0
j  com.oracle.graal.hotspot.meta.HotSpotNmethod.executeVarargs([Ljava/lang/Object;)Ljava/lang/Object;+51
j  uk.ac.ed.inf.icsa.locomotion.core.Dispatch.execute(Luk/ac/ed/inf/icsa/locomotion/core/Cycle;)V+83
j  uk.ac.ed.inf.icsa.locomotion.core.Dispatch.process(Luk/ac/ed/inf/icsa/locomotion/core/Cycle;Ljava/util/Map;)V+59
j  uk.ac.ed.inf.icsa.locomotion.Application.run()V+50
j  uk.ac.ed.inf.icsa.locomotion.Application.main([Ljava/lang/String;)V+7
v  ~StubRoutines::call_stub
V  [libjvm.dylib+0x20a933]  JavaCalls::call_helper(JavaValue*, methodHandle*, JavaCallArguments*, Thread*)+0x80d
V  [libjvm.dylib+0x246c28]  jni_invoke_static(JNIEnv_*, JavaValue*, _jobject*, JNICallType, _jmethodID*, JNI_ArgumentPusher*, Thread*)+0x1bb
V  [libjvm.dylib+0x23486f]  jni_CallStaticVoidMethod+0x2c2
C  [java+0x317e]  JavaMain+0x91d
C  [libsystem_c.dylib+0x147a2]  _pthread_start+0x147
C  [libsystem_c.dylib+0x11e1]  thread_start+0xd

Java frames: (J=compiled Java code, j=interpreted, Vv=VM code)
j  com.oracle.graal.hotspot.bridge.CompilerToVMImpl.executeCompiledMethodVarargs([Ljava/lang/Object;Lcom/oracle/graal/hotspot/meta/HotSpotInstalledCode;)Ljava/lang/Object;+0
j  com.oracle.graal.hotspot.meta.HotSpotNmethod.executeVarargs([Ljava/lang/Object;)Ljava/lang/Object;+51
j  uk.ac.ed.inf.icsa.locomotion.core.Dispatch.execute(Luk/ac/ed/inf/icsa/locomotion/core/Cycle;)V+83
j  uk.ac.ed.inf.icsa.locomotion.core.Dispatch.process(Luk/ac/ed/inf/icsa/locomotion/core/Cycle;Ljava/util/Map;)V+59
j  uk.ac.ed.inf.icsa.locomotion.Application.run()V+50
j  uk.ac.ed.inf.icsa.locomotion.Application.main([Ljava/lang/String;)V+7
v  ~StubRoutines::call_stub

---------------  P R O C E S S  ---------------

Java Threads: ( => current thread )
  0x00007f9dc4088800 JavaThread "GraalCompilerThread-7" daemon [_thread_in_Java, id=24323, stack(0x0000000106d4a000,0x0000000106e4a000)]
  0x00007f9dc4086800 JavaThread "GraalCompilerThread-6" daemon [_thread_in_Java, id=23811, stack(0x0000000106c47000,0x0000000106d47000)]
  0x00007f9dc4048800 JavaThread "Service Thread" daemon [_thread_blocked, id=22787, stack(0x000000010697a000,0x0000000106a7a000)]
  0x00007f9dc4026000 JavaThread "Signal Dispatcher" daemon [_thread_blocked, id=22275, stack(0x0000000106877000,0x0000000106977000)]
  0x00007f9dc4016000 JavaThread "Finalizer" daemon [_thread_blocked, id=19971, stack(0x00000001066c3000,0x00000001067c3000)]
  0x00007f9dc4014800 JavaThread "Reference Handler" daemon [_thread_blocked, id=19459, stack(0x00000001065c0000,0x00000001066c0000)]
=>0x00007f9dc5015000 JavaThread "main" [_thread_in_vm, id=6403, stack(0x0000000103eff000,0x0000000103fff000)]

Other Threads:
  0x00007f9dc508d800 VMThread [stack: 0x000000010649b000,0x000000010659b000] [id=18947]
  0x00007f9dc5094800 WatcherThread [stack: 0x0000000106a7d000,0x0000000106b7d000] [id=23299]

VM state:not at safepoint (normal execution)

VM Mutex/Monitor currently owned by a thread: None

Heap:
 PSYoungGen      total 38912K, used 21519K [0x00000007faa80000, 0x00000007fe980000, 0x0000000800000000)
  eden space 36864K, 52% used [0x00000007faa80000,0x00000007fbd83c68,0x00000007fce80000)
  from space 2048K, 100% used [0x00000007fce80000,0x00000007fd080000,0x00000007fd080000)
  to   space 2560K, 0% used [0x00000007fe700000,0x00000007fe700000,0x00000007fe980000)
 ParOldGen       total 10752K, used 3968K [0x00000007f0000000, 0x00000007f0a80000, 0x00000007faa80000)
  object space 10752K, 36% used [0x00000007f0000000,0x00000007f03e0028,0x00000007f0a80000)
 Metaspace total 12832K, used 12435K, reserved 14336K
  data space     11394K, used 11059K, reserved 12288K
  class space    1438K, used 1376K, reserved 2048K

Card table byte_map: [0x0000000104ba9000,0x0000000104c2a000] byte_map_base: 0x0000000100c29000

Marking Bits: (ParMarkBitMap*) 0x0000000103c1d900
 Begin Bits: [0x0000000104e86000, 0x0000000105286000)
 End Bits:   [0x0000000105286000, 0x0000000105686000)

Polling page: 0x0000000104297000

CodeCache: size=65536Kb used=3264Kb max_used=3264Kb free=62271Kb
 bounds [0x0000000107d24000, 0x0000000108d24000, 0x000000010bd24000]
 total_blobs=339 nmethods=43 adapters=266
 compilation: enabled

Compilation events (0 events):
No events

GC Heap History (10 events):
Event: 2.761 GC heap before
{Heap before GC invocations=5 (full 0):
 PSYoungGen      total 9728K, used 9712K [0x00000007faa80000, 0x00000007fb480000, 0x0000000800000000)
  eden space 9216K, 100% used [0x00000007faa80000,0x00000007fb380000,0x00000007fb380000)
  from space 512K, 96% used [0x00000007fb400000,0x00000007fb47c018,0x00000007fb480000)
  to   space 512K, 0% used [0x00000007fb380000,0x00000007fb380000,0x00000007fb400000)
 ParOldGen       total 10752K, used 2389K [0x00000007f0000000, 0x00000007f0a80000, 0x00000007faa80000)
  object space 10752K, 22% used [0x00000007f0000000,0x00000007f0255448,0x00000007f0a80000)
 Metaspace total 11524K, used 11225K, reserved 14336K
  data space     10163K, used 9919K, reserved 12288K
  class space    1361K, used 1305K, reserved 2048K
Event: 2.785 GC heap after
Heap after GC invocations=5 (full 0):
 PSYoungGen      total 9728K, used 512K [0x00000007faa80000, 0x00000007fbf80000, 0x0000000800000000)
  eden space 9216K, 0% used [0x00000007faa80000,0x00000007faa80000,0x00000007fb380000)
  from space 512K, 100% used [0x00000007fb380000,0x00000007fb400000,0x00000007fb400000)
  to   space 1536K, 0% used [0x00000007fbe00000,0x00000007fbe00000,0x00000007fbf80000)
 ParOldGen       total 10752K, used 2757K [0x00000007f0000000, 0x00000007f0a80000, 0x00000007faa80000)
  object space 10752K, 25% used [0x00000007f0000000,0x00000007f02b1448,0x00000007f0a80000)
 Metaspace total 11524K, used 11225K, reserved 14336K
  data space     10163K, used 9919K, reserved 12288K
  class space    1361K, used 1305K, reserved 2048K
}
Event: 3.406 GC heap before
{Heap before GC invocations=6 (full 0):
 PSYoungGen      total 9728K, used 9728K [0x00000007faa80000, 0x00000007fbf80000, 0x0000000800000000)
  eden space 9216K, 100% used [0x00000007faa80000,0x00000007fb380000,0x00000007fb380000)
  from space 512K, 100% used [0x00000007fb380000,0x00000007fb400000,0x00000007fb400000)
  to   space 1536K, 0% used [0x00000007fbe00000,0x00000007fbe00000,0x00000007fbf80000)
 ParOldGen       total 10752K, used 2757K [0x00000007f0000000, 0x00000007f0a80000, 0x00000007faa80000)
  object space 10752K, 25% used [0x00000007f0000000,0x00000007f02b1448,0x00000007f0a80000)
 Metaspace total 11948K, used 11600K, reserved 14336K
  data space     10547K, used 10254K, reserved 12288K
  class space    1401K, used 1345K, reserved 2048K
Event: 3.422 GC heap after
Heap after GC invocations=6 (full 0):
 PSYoungGen      total 19968K, used 1184K [0x00000007faa80000, 0x00000007fbf80000, 0x0000000800000000)
  eden space 18432K, 0% used [0x00000007faa80000,0x00000007faa80000,0x00000007fbc80000)
  from space 1536K, 77% used [0x00000007fbe00000,0x00000007fbf28000,0x00000007fbf80000)
  to   space 1536K, 0% used [0x00000007fbc80000,0x00000007fbc80000,0x00000007fbe00000)
 ParOldGen       total 10752K, used 2765K [0x00000007f0000000, 0x00000007f0a80000, 0x00000007faa80000)
  object space 10752K, 25% used [0x00000007f0000000,0x00000007f02b3448,0x00000007f0a80000)
 Metaspace total 11948K, used 11600K, reserved 14336K
  data space     10547K, used 10254K, reserved 12288K
  class space    1401K, used 1345K, reserved 2048K
}
Event: 4.859 GC heap before
{Heap before GC invocations=7 (full 0):
 PSYoungGen      total 19968K, used 19616K [0x00000007faa80000, 0x00000007fbf80000, 0x0000000800000000)
  eden space 18432K, 100% used [0x00000007faa80000,0x00000007fbc80000,0x00000007fbc80000)
  from space 1536K, 77% used [0x00000007fbe00000,0x00000007fbf28000,0x00000007fbf80000)
  to   space 1536K, 0% used [0x00000007fbc80000,0x00000007fbc80000,0x00000007fbe00000)
 ParOldGen       total 10752K, used 2765K [0x00000007f0000000, 0x00000007f0a80000, 0x00000007faa80000)
  object space 10752K, 25% used [0x00000007f0000000,0x00000007f02b3448,0x00000007f0a80000)
 Metaspace total 12154K, used 11795K, reserved 14336K
  data space     10744K, used 10442K, reserved 12288K
  class space    1410K, used 1352K, reserved 2048K
Event: 4.897 GC heap after
Heap after GC invocations=7 (full 0):
 PSYoungGen      total 19968K, used 1344K [0x00000007faa80000, 0x00000007fd280000, 0x0000000800000000)
  eden space 18432K, 0% used [0x00000007faa80000,0x00000007faa80000,0x00000007fbc80000)
  from space 1536K, 87% used [0x00000007fbc80000,0x00000007fbdd0000,0x00000007fbe00000)
  to   space 2048K, 0% used [0x00000007fd080000,0x00000007fd080000,0x00000007fd280000)
 ParOldGen       total 10752K, used 3112K [0x00000007f0000000, 0x00000007f0a80000, 0x00000007faa80000)
  object space 10752K, 28% used [0x00000007f0000000,0x00000007f030a028,0x00000007f0a80000)
 Metaspace total 12154K, used 11795K, reserved 14336K
  data space     10744K, used 10442K, reserved 12288K
  class space    1410K, used 1352K, reserved 2048K
}
Event: 6.134 GC heap before
{Heap before GC invocations=8 (full 0):
 PSYoungGen      total 19968K, used 19776K [0x00000007faa80000, 0x00000007fd280000, 0x0000000800000000)
  eden space 18432K, 100% used [0x00000007faa80000,0x00000007fbc80000,0x00000007fbc80000)
  from space 1536K, 87% used [0x00000007fbc80000,0x00000007fbdd0000,0x00000007fbe00000)
  to   space 2048K, 0% used [0x00000007fd080000,0x00000007fd080000,0x00000007fd280000)
 ParOldGen       total 10752K, used 3112K [0x00000007f0000000, 0x00000007f0a80000, 0x00000007faa80000)
  object space 10752K, 28% used [0x00000007f0000000,0x00000007f030a028,0x00000007f0a80000)
 Metaspace total 12360K, used 12031K, reserved 14336K
  data space     10941K, used 10668K, reserved 12288K
  class space    1419K, used 1362K, reserved 2048K
Event: 6.155 GC heap after
Heap after GC invocations=8 (full 0):
 PSYoungGen      total 38912K, used 1728K [0x00000007faa80000, 0x00000007fd280000, 0x0000000800000000)
  eden space 36864K, 0% used [0x00000007faa80000,0x00000007faa80000,0x00000007fce80000)
  from space 2048K, 84% used [0x00000007fd080000,0x00000007fd230000,0x00000007fd280000)
  to   space 2048K, 0% used [0x00000007fce80000,0x00000007fce80000,0x00000007fd080000)
 ParOldGen       total 10752K, used 3248K [0x00000007f0000000, 0x00000007f0a80000, 0x00000007faa80000)
  object space 10752K, 30% used [0x00000007f0000000,0x00000007f032c028,0x00000007f0a80000)
 Metaspace total 12360K, used 12031K, reserved 14336K
  data space     10941K, used 10668K, reserved 12288K
  class space    1419K, used 1362K, reserved 2048K
}
Event: 9.117 GC heap before
{Heap before GC invocations=9 (full 0):
 PSYoungGen      total 38912K, used 38592K [0x00000007faa80000, 0x00000007fd280000, 0x0000000800000000)
  eden space 36864K, 100% used [0x00000007faa80000,0x00000007fce80000,0x00000007fce80000)
  from space 2048K, 84% used [0x00000007fd080000,0x00000007fd230000,0x00000007fd280000)
  to   space 2048K, 0% used [0x00000007fce80000,0x00000007fce80000,0x00000007fd080000)
 ParOldGen       total 10752K, used 3248K [0x00000007f0000000, 0x00000007f0a80000, 0x00000007faa80000)
  object space 10752K, 30% used [0x00000007f0000000,0x00000007f032c028,0x00000007f0a80000)
 Metaspace total 12566K, used 12215K, reserved 14336K
  data space     11138K, used 10843K, reserved 12288K
  class space    1428K, used 1372K, reserved 2048K
Event: 9.173 GC heap after
Heap after GC invocations=9 (full 0):
 PSYoungGen      total 38912K, used 2048K [0x00000007faa80000, 0x00000007fe980000, 0x0000000800000000)
  eden space 36864K, 0% used [0x00000007faa80000,0x00000007faa80000,0x00000007fce80000)
  from space 2048K, 100% used [0x00000007fce80000,0x00000007fd080000,0x00000007fd080000)
  to   space 2560K, 0% used [0x00000007fe700000,0x00000007fe700000,0x00000007fe980000)
 ParOldGen       total 10752K, used 3968K [0x00000007f0000000, 0x00000007f0a80000, 0x00000007faa80000)
  object space 10752K, 36% used [0x00000007f0000000,0x00000007f03e0028,0x00000007f0a80000)
 Metaspace total 12566K, used 12215K, reserved 14336K
  data space     11138K, used 10843K, reserved 12288K
  class space    1428K, used 1372K, reserved 2048K
}

Deoptimization events (0 events):
No events

Internal exceptions (10 events):
Event: 1.511 Thread 0x00007f9dc5015000 Threw 0x00000007fac6de70 at /Volumes/Acme/Development/graal/src/share/vm/prims/jvm.cpp:1202
Event: 1.513 Thread 0x00007f9dc5015000 Threw 0x00000007fac72098 at /Volumes/Acme/Development/graal/src/share/vm/prims/jvm.cpp:1202
Event: 1.514 Thread 0x00007f9dc5015000 Threw 0x00000007fac76280 at /Volumes/Acme/Development/graal/src/share/vm/prims/jvm.cpp:1202
Event: 1.516 Thread 0x00007f9dc5015000 Threw 0x00000007fac7a990 at /Volumes/Acme/Development/graal/src/share/vm/prims/jvm.cpp:1202
Event: 1.521 Thread 0x00007f9dc5015000 Threw 0x00000007fac9d1b0 at /Volumes/Acme/Development/graal/src/share/vm/prims/jvm.cpp:1202
Event: 1.523 Thread 0x00007f9dc5015000 Threw 0x00000007faca0c90 at /Volumes/Acme/Development/graal/src/share/vm/prims/jvm.cpp:1202
Event: 1.773 Thread 0x00007f9dc5015000 Threw 0x00000007faa91c80 at /Volumes/Acme/Development/graal/src/share/vm/prims/jvm.cpp:1202
Event: 1.774 Thread 0x00007f9dc5015000 Threw 0x00000007faa96810 at /Volumes/Acme/Development/graal/src/share/vm/prims/jvm.cpp:1202
Event: 10.670 Thread 0x00007f9dc5015000 Threw 0x00000007fbc7fc88 at /Volumes/Acme/Development/graal/src/share/vm/prims/jvm.cpp:1202
Event: 10.672 Thread 0x00007f9dc5015000 Threw 0x00000007fbc84060 at /Volumes/Acme/Development/graal/src/share/vm/prims/jvm.cpp:1202

Events (10 events):
Event: 10.627 Executing VM operation: RevokeBias
Event: 10.627 Executing VM operation: RevokeBias done
Event: 10.670 loading class 0x00007f9dc3c448f8
Event: 10.670 loading class 0x00007f9dc3c448f8 done
Event: 10.671 loading class 0x0000000105798228
Event: 10.672 loading class 0x0000000105798228 done
Event: 10.672 loading class 0x00007f9dc3c44978
Event: 10.672 loading class 0x00007f9dc3c44978 done
Event: 10.679 Executing VM operation: RevokeBias
Event: 10.679 Executing VM operation: RevokeBias done


Dynamic libraries:
0x0000000005de0000 	/System/Library/Frameworks/Cocoa.framework/Versions/A/Cocoa
0x0000000005de0000 	/System/Library/Frameworks/Security.framework/Versions/A/Security
0x0000000005de0000 	/System/Library/Frameworks/ApplicationServices.framework/Versions/A/ApplicationServices
0x0000000005de0000 	/usr/lib/libz.1.dylib
0x0000000005de0000 	/usr/lib/libSystem.B.dylib
0x0000000005de0000 	/usr/lib/libobjc.A.dylib
0x0000000005de0000 	/System/Library/Frameworks/CoreFoundation.framework/Versions/A/CoreFoundation
0x0000000005de0000 	/System/Library/Frameworks/AppKit.framework/Versions/C/AppKit
0x0000000005de0000 	/System/Library/Frameworks/CoreData.framework/Versions/A/CoreData
0x0000000005de0000 	/System/Library/Frameworks/Foundation.framework/Versions/C/Foundation
0x0000000005de0000 	/System/Library/PrivateFrameworks/RemoteViewServices.framework/Versions/A/RemoteViewServices
0x0000000005de0000 	/System/Library/Frameworks/AudioToolbox.framework/Versions/A/AudioToolbox
0x0000000005de0000 	/System/Library/Frameworks/AudioUnit.framework/Versions/A/AudioUnit
0x0000000005de0000 	/System/Library/PrivateFrameworks/DataDetectorsCore.framework/Versions/A/DataDetectorsCore
0x0000000005de0000 	/System/Library/PrivateFrameworks/DesktopServicesPriv.framework/Versions/A/DesktopServicesPriv
0x0000000005de0000 	/System/Library/Frameworks/Carbon.framework/Versions/A/Frameworks/HIToolbox.framework/Versions/A/HIToolbox
0x0000000005de0000 	/System/Library/Frameworks/QuartzCore.framework/Versions/A/QuartzCore
0x0000000005de0000 	/System/Library/Frameworks/Carbon.framework/Versions/A/Frameworks/SpeechRecognition.framework/Versions/A/SpeechRecognition
0x0000000005de0000 	/usr/lib/libauto.dylib
0x0000000005de0000 	/usr/lib/libicucore.A.dylib
0x0000000005de0000 	/usr/lib/libxml2.2.dylib
0x0000000005de0000 	/System/Library/PrivateFrameworks/CoreUI.framework/Versions/A/CoreUI
0x0000000005de0000 	/System/Library/Frameworks/CoreAudio.framework/Versions/A/CoreAudio
0x0000000005de0000 	/System/Library/Frameworks/DiskArbitration.framework/Versions/A/DiskArbitration
0x0000000005de0000 	/usr/lib/liblangid.dylib
0x0000000005de0000 	/System/Library/PrivateFrameworks/MultitouchSupport.framework/Versions/A/MultitouchSupport
0x0000000005de0000 	/System/Library/Frameworks/IOKit.framework/Versions/A/IOKit
0x0000000005de0000 	/usr/lib/libDiagnosticMessagesClient.dylib
0x0000000005de0000 	/System/Library/Frameworks/CoreServices.framework/Versions/A/CoreServices
0x0000000005de0000 	/System/Library/PrivateFrameworks/PerformanceAnalysis.framework/Versions/A/PerformanceAnalysis
0x0000000005de0000 	/System/Library/PrivateFrameworks/GenerationalStorage.framework/Versions/A/GenerationalStorage
0x0000000005de0000 	/System/Library/Frameworks/OpenGL.framework/Versions/A/OpenGL
0x0000000005de0000 	/System/Library/Frameworks/CoreText.framework/Versions/A/CoreText
0x0000000005de0000 	/System/Library/Frameworks/ImageIO.framework/Versions/A/ImageIO
0x0000000005de0000 	/System/Library/PrivateFrameworks/Backup.framework/Versions/A/Backup
0x0000000005de0000 	/System/Library/Frameworks/CFNetwork.framework/Versions/A/CFNetwork
0x0000000005de0000 	/System/Library/Frameworks/SystemConfiguration.framework/Versions/A/SystemConfiguration
0x0000000005de0000 	/usr/lib/libCRFSuite.dylib
0x0000000005de0000 	/System/Library/PrivateFrameworks/TCC.framework/Versions/A/TCC
0x0000000005de0000 	/usr/lib/libc++.1.dylib
0x0000000005de0000 	/usr/lib/libc++abi.dylib
0x0000000005de0000 	/usr/lib/system/libcache.dylib
0x0000000005de0000 	/usr/lib/system/libcommonCrypto.dylib
0x0000000005de0000 	/usr/lib/system/libcompiler_rt.dylib
0x0000000005de0000 	/usr/lib/system/libcopyfile.dylib
0x0000000005de0000 	/usr/lib/system/libdispatch.dylib
0x0000000005de0000 	/usr/lib/system/libdnsinfo.dylib
0x0000000005de0000 	/usr/lib/system/libdyld.dylib
0x0000000005de0000 	/usr/lib/system/libkeymgr.dylib
0x0000000005de0000 	/usr/lib/system/liblaunch.dylib
0x0000000005de0000 	/usr/lib/system/libmacho.dylib
0x0000000005de0000 	/usr/lib/system/libquarantine.dylib
0x0000000005de0000 	/usr/lib/system/libremovefile.dylib
0x0000000005de0000 	/usr/lib/system/libsystem_blocks.dylib
0x0000000005de0000 	/usr/lib/system/libsystem_c.dylib
0x0000000005de0000 	/usr/lib/system/libsystem_dnssd.dylib
0x0000000005de0000 	/usr/lib/system/libsystem_info.dylib
0x0000000005de0000 	/usr/lib/system/libsystem_kernel.dylib
0x0000000005de0000 	/usr/lib/system/libsystem_m.dylib
0x0000000005de0000 	/usr/lib/system/libsystem_network.dylib
0x0000000005de0000 	/usr/lib/system/libsystem_notify.dylib
0x0000000005de0000 	/usr/lib/system/libsystem_sandbox.dylib
0x0000000005de0000 	/usr/lib/system/libunc.dylib
0x0000000005de0000 	/usr/lib/system/libunwind.dylib
0x0000000005de0000 	/usr/lib/system/libxpc.dylib
0x0000000005de0000 	/usr/lib/system/libcorecrypto.dylib
0x0000000005de0000 	/usr/lib/libstdc++.6.dylib
0x0000000005de0000 	/usr/lib/libbsm.0.dylib
0x0000000005de0000 	/usr/lib/libsqlite3.dylib
0x0000000005de0000 	/usr/lib/libxar.1.dylib
0x0000000005de0000 	/usr/lib/libpam.2.dylib
0x0000000005de0000 	/usr/lib/libOpenScriptingUtil.dylib
0x0000000005de0000 	/usr/lib/libbz2.1.0.dylib
0x0000000005de0000 	/System/Library/Frameworks/CoreServices.framework/Versions/A/Frameworks/CarbonCore.framework/Versions/A/CarbonCore
0x0000000005de0000 	/System/Library/Frameworks/CoreServices.framework/Versions/A/Frameworks/Metadata.framework/Versions/A/Metadata
0x0000000005de0000 	/System/Library/Frameworks/CoreServices.framework/Versions/A/Frameworks/OSServices.framework/Versions/A/OSServices
0x0000000005de0000 	/System/Library/Frameworks/CoreServices.framework/Versions/A/Frameworks/SearchKit.framework/Versions/A/SearchKit
0x0000000005de0000 	/System/Library/Frameworks/CoreServices.framework/Versions/A/Frameworks/AE.framework/Versions/A/AE
0x0000000005de0000 	/System/Library/Frameworks/CoreServices.framework/Versions/A/Frameworks/LaunchServices.framework/Versions/A/LaunchServices
0x0000000005de0000 	/System/Library/Frameworks/CoreServices.framework/Versions/A/Frameworks/DictionaryServices.framework/Versions/A/DictionaryServices
0x0000000005de0000 	/System/Library/Frameworks/NetFS.framework/Versions/A/NetFS
0x0000000005de0000 	/usr/lib/system/libkxld.dylib
0x0000000005de0000 	/System/Library/PrivateFrameworks/NetAuth.framework/Versions/A/NetAuth
0x0000000005de0000 	/System/Library/Frameworks/OpenDirectory.framework/Versions/A/Frameworks/CFOpenDirectory.framework/Versions/A/CFOpenDirectory
0x0000000005de0000 	/usr/lib/libxslt.1.dylib
0x0000000005de0000 	/System/Library/PrivateFrameworks/FamilyControls.framework/Versions/A/FamilyControls
0x0000000005de0000 	/System/Library/Frameworks/Carbon.framework/Versions/A/Frameworks/Ink.framework/Versions/A/Ink
0x0000000005de0000 	/System/Library/Frameworks/ApplicationServices.framework/Versions/A/Frameworks/CoreGraphics.framework/Versions/A/CoreGraphics
0x0000000005de0000 	/System/Library/Frameworks/ApplicationServices.framework/Versions/A/Frameworks/ATS.framework/Versions/A/ATS
0x0000000005de0000 	/System/Library/Frameworks/ApplicationServices.framework/Versions/A/Frameworks/ColorSync.framework/Versions/A/ColorSync
0x0000000005de0000 	/System/Library/Frameworks/ApplicationServices.framework/Versions/A/Frameworks/HIServices.framework/Versions/A/HIServices
0x0000000005de0000 	/System/Library/Frameworks/ApplicationServices.framework/Versions/A/Frameworks/LangAnalysis.framework/Versions/A/LangAnalysis
0x0000000005de0000 	/System/Library/Frameworks/ApplicationServices.framework/Versions/A/Frameworks/PrintCore.framework/Versions/A/PrintCore
0x0000000005de0000 	/System/Library/Frameworks/ApplicationServices.framework/Versions/A/Frameworks/QD.framework/Versions/A/QD
0x0000000005de0000 	/System/Library/Frameworks/ApplicationServices.framework/Versions/A/Frameworks/SpeechSynthesis.framework/Versions/A/SpeechSynthesis
0x0000000005de0000 	/System/Library/Frameworks/IOSurface.framework/Versions/A/IOSurface
0x0000000005de0000 	/System/Library/Frameworks/Accelerate.framework/Versions/A/Accelerate
0x0000000005de0000 	/System/Library/Frameworks/ApplicationServices.framework/Versions/A/Frameworks/ATS.framework/Versions/A/Resources/libFontParser.dylib
0x0000000005de0000 	/System/Library/Frameworks/ApplicationServices.framework/Versions/A/Frameworks/ATS.framework/Versions/A/Resources/libFontRegistry.dylib
0x0000000005de0000 	/System/Library/Frameworks/Accelerate.framework/Versions/A/Frameworks/vImage.framework/Versions/A/vImage
0x0000000005de0000 	/System/Library/Frameworks/Accelerate.framework/Versions/A/Frameworks/vecLib.framework/Versions/A/vecLib
0x0000000005de0000 	/System/Library/Frameworks/Accelerate.framework/Versions/A/Frameworks/vecLib.framework/Versions/A/libvDSP.dylib
0x0000000005de0000 	/System/Library/Frameworks/Accelerate.framework/Versions/A/Frameworks/vecLib.framework/Versions/A/libvMisc.dylib
0x0000000005de0000 	/System/Library/Frameworks/Accelerate.framework/Versions/A/Frameworks/vecLib.framework/Versions/A/libLAPACK.dylib
0x0000000005de0000 	/System/Library/Frameworks/Accelerate.framework/Versions/A/Frameworks/vecLib.framework/Versions/A/libBLAS.dylib
0x0000000005de0000 	/System/Library/Frameworks/ImageIO.framework/Versions/A/Resources/libJPEG.dylib
0x0000000005de0000 	/System/Library/Frameworks/ImageIO.framework/Versions/A/Resources/libTIFF.dylib
0x0000000005de0000 	/System/Library/Frameworks/ImageIO.framework/Versions/A/Resources/libPng.dylib
0x0000000005de0000 	/System/Library/Frameworks/ImageIO.framework/Versions/A/Resources/libGIF.dylib
0x0000000005de0000 	/System/Library/Frameworks/ImageIO.framework/Versions/A/Resources/libJP2.dylib
0x0000000005de0000 	/System/Library/Frameworks/ImageIO.framework/Versions/A/Resources/libRadiance.dylib
0x0000000005de0000 	/usr/lib/libcups.2.dylib
0x0000000005de0000 	/System/Library/Frameworks/Kerberos.framework/Versions/A/Kerberos
0x0000000005de0000 	/System/Library/Frameworks/GSS.framework/Versions/A/GSS
0x0000000005de0000 	/usr/lib/libresolv.9.dylib
0x0000000005de0000 	/usr/lib/libiconv.2.dylib
0x0000000005de0000 	/System/Library/PrivateFrameworks/Heimdal.framework/Versions/A/Heimdal
0x0000000005de0000 	/System/Library/PrivateFrameworks/TrustEvaluationAgent.framework/Versions/A/TrustEvaluationAgent
0x0000000005de0000 	/System/Library/Frameworks/OpenDirectory.framework/Versions/A/OpenDirectory
0x0000000005de0000 	/System/Library/PrivateFrameworks/CommonAuth.framework/Versions/A/CommonAuth
0x0000000005de0000 	/System/Library/PrivateFrameworks/Bom.framework/Versions/A/Bom
0x0000000005de0000 	/System/Library/Frameworks/CoreVideo.framework/Versions/A/CoreVideo
0x0000000005de0000 	/System/Library/Frameworks/QuartzCore.framework/Versions/A/Frameworks/CoreImage.framework/Versions/A/CoreImage
0x0000000005de0000 	/System/Library/Frameworks/QuartzCore.framework/Versions/A/Frameworks/ScalableUserInterface.framework/Versions/A/ScalableUserInterface
0x0000000005de0000 	/System/Library/Frameworks/OpenGL.framework/Versions/A/Libraries/libGLU.dylib
0x0000000005de0000 	/System/Library/Frameworks/OpenGL.framework/Versions/A/Libraries/libGFXShared.dylib
0x0000000005de0000 	/System/Library/Frameworks/OpenGL.framework/Versions/A/Libraries/libGL.dylib
0x0000000005de0000 	/System/Library/Frameworks/OpenGL.framework/Versions/A/Libraries/libGLImage.dylib
0x0000000005de0000 	/System/Library/Frameworks/OpenGL.framework/Versions/A/Libraries/libCVMSPluginSupport.dylib
0x0000000005de0000 	/System/Library/Frameworks/OpenGL.framework/Versions/A/Libraries/libCoreVMClient.dylib
0x0000000005de0000 	/System/Library/PrivateFrameworks/CrashReporterSupport.framework/Versions/A/CrashReporterSupport
0x0000000005de0000 	/System/Library/Frameworks/OpenCL.framework/Versions/A/OpenCL
0x0000000005de0000 	/System/Library/PrivateFrameworks/FaceCoreLight.framework/Versions/A/FaceCoreLight
0x0000000005de0000 	/System/Library/PrivateFrameworks/AppleFSCompression.framework/Versions/A/AppleFSCompression
0x0000000005de0000 	/System/Library/PrivateFrameworks/Ubiquity.framework/Versions/A/Ubiquity
0x0000000005de0000 	/System/Library/Frameworks/ServiceManagement.framework/Versions/A/ServiceManagement
0x0000000005de0000 	/System/Library/PrivateFrameworks/ChunkingLibrary.framework/Versions/A/ChunkingLibrary
0x0000000005de0000 	/System/Library/Frameworks/vecLib.framework/Versions/A/vecLib
0x0000000005de0000 	/System/Library/Frameworks/SecurityFoundation.framework/Versions/A/SecurityFoundation
0x0000000005de0000 	/System/Library/PrivateFrameworks/CommerceKit.framework/Versions/A/Frameworks/CommerceCore.framework/Versions/A/CommerceCore
0x0000000005de0000 	/System/Library/PrivateFrameworks/CoreSymbolication.framework/Versions/A/CoreSymbolication
0x0000000005de0000 	/System/Library/PrivateFrameworks/Symbolication.framework/Versions/A/Symbolication
0x0000000005de0000 	/System/Library/PrivateFrameworks/DebugSymbols.framework/Versions/A/DebugSymbols
0x0000000103456000 	/Volumes/Acme/Development/graal/jdk1.7.0_17/fastdebug/jre/lib/graal/libjvm.dylib
0x000000010425a000 	/Volumes/Acme/Development/graal/jdk1.7.0_17/fastdebug/jre/lib/libverify.dylib
0x0000000104267000 	/Volumes/Acme/Development/graal/jdk1.7.0_17/fastdebug/jre/lib/libjava.dylib
0x00000001042a0000 	/Volumes/Acme/Development/graal/jdk1.7.0_17/fastdebug/jre/lib/libzip.dylib
0x000000010659d000 	/System/Library/Frameworks/JavaVM.framework/Frameworks/JavaRuntimeSupport.framework/JavaRuntimeSupport
0x00000001067c5000 	/System/Library/Frameworks/JavaVM.framework/Versions/A/Frameworks/JavaNativeFoundation.framework/Versions/A/JavaNativeFoundation
0x00000001067da000 	/System/Library/Frameworks/JavaVM.framework/Versions/A/JavaVM
0x0000000005de0000 	/System/Library/Frameworks/Carbon.framework/Versions/A/Carbon
0x00000001067e7000 	/System/Library/PrivateFrameworks/JavaLaunching.framework/Versions/A/JavaLaunching
0x0000000005de0000 	/System/Library/Frameworks/Carbon.framework/Versions/A/Frameworks/CommonPanels.framework/Versions/A/CommonPanels
0x0000000005de0000 	/System/Library/Frameworks/Carbon.framework/Versions/A/Frameworks/Help.framework/Versions/A/Help
0x0000000005de0000 	/System/Library/Frameworks/Carbon.framework/Versions/A/Frameworks/ImageCapture.framework/Versions/A/ImageCapture
0x0000000005de0000 	/System/Library/Frameworks/Carbon.framework/Versions/A/Frameworks/OpenScripting.framework/Versions/A/OpenScripting
0x0000000005de0000 	/System/Library/Frameworks/Carbon.framework/Versions/A/Frameworks/Print.framework/Versions/A/Print
0x0000000005de0000 	/System/Library/Frameworks/Carbon.framework/Versions/A/Frameworks/SecurityHI.framework/Versions/A/SecurityHI
0x0000000106bc9000 	/Volumes/Acme/Development/graal/jdk1.7.0_17/fastdebug/jre/lib/libnio.dylib
0x0000000106bd8000 	/Volumes/Acme/Development/graal/jdk1.7.0_17/fastdebug/jre/lib/./libnet.dylib
0x0000000106c35000 	/Volumes/Acme/Development/graal/jdk1.7.0_17/fastdebug/jre/lib/libmanagement.dylib

VM Arguments:
jvm_args: -XX:-BootstrapGraal -enableassertions -Dfile.encoding=US-ASCII 
java_command: uk.ac.ed.inf.icsa.locomotion.Application
java_class_path (initial): /Volumes/Acme/Development/locomotion/bin:/Volumes/Acme/Development/libs/slf4j-api-1.7.5.jar:/Volumes/Acme/Development/libs/guava-14.0.1.jar:/Volumes/Acme/Development/libs/slf4j-simple-1.7.5.jar:/Volumes/Acme/Development/graal/graal/com.oracle.graal.alloc/bin:/Volumes/Acme/Development/graal/graal/com.oracle.graal.api.meta/bin:/Volumes/Acme/Development/graal/graal/com.oracle.graal.api.code/bin:/Volumes/Acme/Development/graal/graal/com.oracle.graal.graph/bin:/Volumes/Acme/Development/graal/graal/com.oracle.graal.debug/bin:/Volumes/Acme/Development/graal/graal/com.oracle.graal.api.replacements/bin:/Volumes/Acme/Development/graal/graal/com.oracle.graal.nodes/bin:/Volumes/Acme/Development/graal/graal/com.oracle.graal.amd64/bin:/Volumes/Acme/Development/graal/graal/com.oracle.graal.api.meta.test/bin:/Users/chris/Applications/eclipse/plugins/org.junit_4.11.0.v201303080030/junit.jar:/Users/chris/Applications/eclipse/plugins/org.hamcrest.core_1.3.0.v201303031735.jar:/Volumes/Acme/Development/graal/graal/com.oracle.graal.api.runtime/bin:/Volumes/Acme/Development/graal/graal/com.oracle.graal.api.test/bin:/Volumes/Acme/Development/graal/graal/com.oracle.graal.asm/bin:/Volumes/Acme/Development/graal/graal/com.oracle.graal.asm.amd64/bin:/Volumes/Acme/Development/graal/graal/com.oracle.graal.asm.amd64.test/bin:/Volumes/Acme/Development/graal/graal/com.oracle.graal.test/bin:/Volumes/Acme/Development/graal/graal/com.oracle.graal.asm.test/bin:/Volumes/Acme/Development/graal/graal/com.oracle.graal.asm.hsail/bin:/Volumes/Acme/Development/graal/graal/com.oracle.graal.hsail/bin:/Volumes/Acme/Development/graal/lib/okra-1.jar:/Volumes/Acme/Development/graal/graal/com.oracle.graal.asm.ptx/bin:/Volumes/Acme/Development/graal/graal/com.oracle.graal.asm.sparc/bin:/Volumes/Acme/Development/graal/graal/com.oracle.graal.options/bin:/Volumes/Acme/Development/graal/graal/com.oracle.graal.phases/bin:/Volumes/Acme/Development/graal/graal/com.oracle.graal.phases.common/bin:
Launcher Type: SUN_STANDARD

Environment Variables:
PATH=/usr/bin:/bin:/usr/sbin:/sbin
SHELL=/bin/bash
DISPLAY=/tmp/launch-lOCHsM/org.macosforge.xquartz:0

Signal Handlers:
SIGSEGV: [libjvm.dylib+0x4dfd3f], sa_mask[0]=0xfffefeff, sa_flags=0x00000043
SIGBUS: [libjvm.dylib+0x4dfd3f], sa_mask[0]=0xfffefeff, sa_flags=0x00000042
SIGFPE: [libjvm.dylib+0x3a6733], sa_mask[0]=0xfffefeff, sa_flags=0x00000042
SIGPIPE: [libjvm.dylib+0x3a6733], sa_mask[0]=0xfffefeff, sa_flags=0x00000042
SIGXFSZ: [libjvm.dylib+0x3a6733], sa_mask[0]=0xfffefeff, sa_flags=0x00000042
SIGILL: [libjvm.dylib+0x3a6733], sa_mask[0]=0xfffefeff, sa_flags=0x00000042
SIGUSR1: SIG_DFL, sa_mask[0]=0x00000000, sa_flags=0x00000002
SIGUSR2: [libjvm.dylib+0x3a6400], sa_mask[0]=0x00000004, sa_flags=0x00000042
SIGHUP: [libjvm.dylib+0x3a3a9f], sa_mask[0]=0xfffefeff, sa_flags=0x00000042
SIGINT: [libjvm.dylib+0x3a3a9f], sa_mask[0]=0xfffefeff, sa_flags=0x00000042
SIGTERM: [libjvm.dylib+0x3a3a9f], sa_mask[0]=0xfffefeff, sa_flags=0x00000042
SIGQUIT: [libjvm.dylib+0x3a3a9f], sa_mask[0]=0xfffefeff, sa_flags=0x00000042


---------------  S Y S T E M  ---------------

OS:Bsduname:Darwin 12.4.0 Darwin Kernel Version 12.4.0: Wed May  1 17:57:12 PDT 2013; root:xnu-2050.24.15~1/RELEASE_X86_64 x86_64
rlimit: STACK 8192k, CORE 0k, NPROC 709, NOFILE 10240, AS infinity
load average:1.27 1.56 1.51

CPU:total 2 (2 cores per cpu, 1 threads per core) family 6 model 23 stepping 10, cmov, cx8, fxsr, mmx, sse, sse2, sse3, ssse3, sse4.1, tsc

Memory: 4k page, physical 8388608k(2097152k free)

/proc/meminfo:


vm_info: OpenJDK 64-Bit Graal VM (25.0-b37-internal-fastdebug) for bsd-amd64 JRE (1.8.0), built on Jul 16 2013 13:41:26 by "chris" with gcc 4.2.1 (Based on Apple Inc. build 5658) (LLVM build 2336.11.00)

time: Tue Jul 16 21:57:41 2013
elapsed time: 10 seconds

